{"numTotalTestSuites":726,"numPassedTestSuites":699,"numFailedTestSuites":27,"numPendingTestSuites":0,"numTotalTests":2173,"numPassedTests":2137,"numFailedTests":36,"numPendingTests":0,"numTodoTests":0,"snapshot":{"added":0,"failure":false,"filesAdded":0,"filesRemoved":0,"filesRemovedList":[],"filesUnmatched":0,"filesUpdated":0,"matched":0,"total":0,"unchecked":0,"uncheckedKeysByFile":[],"unmatched":0,"updated":0,"didUpdate":false},"startTime":1771767392514,"success":false,"testResults":[{"assertionResults":[{"ancestorTitles":["AISystem - Unit Tests","Property 32: AI Budget Constraint"],"fullName":"AISystem - Unit Tests Property 32: AI Budget Constraint should generate enemy team within budget for round 1","status":"passed","title":"should generate enemy team within budget for round 1","duration":3.485899999999674,"failureMessages":[],"meta":{}},{"ancestorTitles":["AISystem - Unit Tests","Property 32: AI Budget Constraint"],"fullName":"AISystem - Unit Tests Property 32: AI Budget Constraint should generate enemy team for early rounds","status":"passed","title":"should generate enemy team for early rounds","duration":4.245200000000295,"failureMessages":[],"meta":{}},{"ancestorTitles":["AISystem - Unit Tests","Property 32: AI Budget Constraint"],"fullName":"AISystem - Unit Tests Property 32: AI Budget Constraint should generate enemy team for mid rounds","status":"passed","title":"should generate enemy team for mid rounds","duration":2.0187999999998283,"failureMessages":[],"meta":{}},{"ancestorTitles":["AISystem - Unit Tests","Property 32: AI Budget Constraint"],"fullName":"AISystem - Unit Tests Property 32: AI Budget Constraint should generate enemy team for late rounds","status":"passed","title":"should generate enemy team for late rounds","duration":5.5666999999994005,"failureMessages":[],"meta":{}},{"ancestorTitles":["AISystem - Unit Tests","Property 32: AI Budget Constraint"],"fullName":"AISystem - Unit Tests Property 32: AI Budget Constraint should generate at least 2 units minimum","status":"passed","title":"should generate at least 2 units minimum","duration":0.3393999999998414,"failureMessages":[],"meta":{}},{"ancestorTitles":["AISystem - Unit Tests","Property 32: AI Budget Constraint"],"fullName":"AISystem - Unit Tests Property 32: AI Budget Constraint should not exceed 15 units maximum","status":"passed","title":"should not exceed 15 units maximum","duration":0.4216999999998734,"failureMessages":[],"meta":{}},{"ancestorTitles":["AISystem - Unit Tests","Property 33: AI Difficulty Scaling"],"fullName":"AISystem - Unit Tests Property 33: AI Difficulty Scaling should return EASY difficulty multipliers","status":"passed","title":"should return EASY difficulty multipliers","duration":0.42379999999957363,"failureMessages":[],"meta":{}},{"ancestorTitles":["AISystem - Unit Tests","Property 33: AI Difficulty Scaling"],"fullName":"AISystem - Unit Tests Property 33: AI Difficulty Scaling should return MEDIUM difficulty multipliers","status":"passed","title":"should return MEDIUM difficulty multipliers","duration":0.3896999999997206,"failureMessages":[],"meta":{}},{"ancestorTitles":["AISystem - Unit Tests","Property 33: AI Difficulty Scaling"],"fullName":"AISystem - Unit Tests Property 33: AI Difficulty Scaling should return HARD difficulty multipliers","status":"passed","title":"should return HARD difficulty multipliers","duration":0.46010000000023865,"failureMessages":[],"meta":{}},{"ancestorTitles":["AISystem - Unit Tests","Property 33: AI Difficulty Scaling"],"fullName":"AISystem - Unit Tests Property 33: AI Difficulty Scaling should default to MEDIUM for invalid difficulty","status":"passed","title":"should default to MEDIUM for invalid difficulty","duration":0.7111999999997352,"failureMessages":[],"meta":{}},{"ancestorTitles":["AISystem - Unit Tests","Property 33: AI Difficulty Scaling"],"fullName":"AISystem - Unit Tests Property 33: AI Difficulty Scaling should default to MEDIUM when no difficulty provided","status":"passed","title":"should default to MEDIUM when no difficulty provided","duration":1.0343000000002576,"failureMessages":[],"meta":{}},{"ancestorTitles":["AISystem - Unit Tests","Property 33: AI Difficulty Scaling"],"fullName":"AISystem - Unit Tests Property 33: AI Difficulty Scaling EASY should have lower stats than MEDIUM","status":"passed","title":"EASY should have lower stats than MEDIUM","duration":0.37659999999959837,"failureMessages":[],"meta":{}},{"ancestorTitles":["AISystem - Unit Tests","Property 33: AI Difficulty Scaling"],"fullName":"AISystem - Unit Tests Property 33: AI Difficulty Scaling HARD should have higher stats than MEDIUM","status":"passed","title":"HARD should have higher stats than MEDIUM","duration":0.18620000000009895,"failureMessages":[],"meta":{}},{"ancestorTitles":["AISystem - Unit Tests","Property 33: AI Difficulty Scaling"],"fullName":"AISystem - Unit Tests Property 33: AI Difficulty Scaling EASY should have highest random target chance","status":"passed","title":"EASY should have highest random target chance","duration":0.1543999999994412,"failureMessages":[],"meta":{}},{"ancestorTitles":["AISystem - Unit Tests","Property 34: AI Team Validity"],"fullName":"AISystem - Unit Tests Property 34: AI Team Validity should generate teams with valid baseId","status":"passed","title":"should generate teams with valid baseId","duration":0.714799999999741,"failureMessages":[],"meta":{}},{"ancestorTitles":["AISystem - Unit Tests","Property 34: AI Team Validity"],"fullName":"AISystem - Unit Tests Property 34: AI Team Validity should generate teams with valid star levels (1-3)","status":"passed","title":"should generate teams with valid star levels (1-3)","duration":0.9627000000000407,"failureMessages":[],"meta":{}},{"ancestorTitles":["AISystem - Unit Tests","Property 34: AI Team Validity"],"fullName":"AISystem - Unit Tests Property 34: AI Team Validity should generate teams with valid board positions","status":"passed","title":"should generate teams with valid board positions","duration":1.123899999999594,"failureMessages":[],"meta":{}},{"ancestorTitles":["AISystem - Unit Tests","Property 34: AI Team Validity"],"fullName":"AISystem - Unit Tests Property 34: AI Team Validity should generate teams with no duplicate positions","status":"passed","title":"should generate teams with no duplicate positions","duration":0.4898000000002867,"failureMessages":[],"meta":{}},{"ancestorTitles":["AISystem - Unit Tests","Property 34: AI Team Validity"],"fullName":"AISystem - Unit Tests Property 34: AI Team Validity should generate teams with mostly star 1 units in early rounds","status":"passed","title":"should generate teams with mostly star 1 units in early rounds","duration":0.2264999999997599,"failureMessages":[],"meta":{}},{"ancestorTitles":["AISystem - Unit Tests","Property 34: AI Team Validity"],"fullName":"AISystem - Unit Tests Property 34: AI Team Validity should generate teams with higher star units in later rounds","status":"passed","title":"should generate teams with higher star units in later rounds","duration":0.25870000000031723,"failureMessages":[],"meta":{}},{"ancestorTitles":["AISystem - Unit Tests","Property 34: AI Team Validity"],"fullName":"AISystem - Unit Tests Property 34: AI Team Validity should generate diverse team compositions","status":"passed","title":"should generate diverse team compositions","duration":0.2165999999997439,"failureMessages":[],"meta":{}},{"ancestorTitles":["AISystem - Unit Tests","Property 35: AI Strength Increases with Rounds"],"fullName":"AISystem - Unit Tests Property 35: AI Strength Increases with Rounds should generate larger teams in later rounds","status":"passed","title":"should generate larger teams in later rounds","duration":0.5477000000000771,"failureMessages":[],"meta":{}},{"ancestorTitles":["AISystem - Unit Tests","Property 35: AI Strength Increases with Rounds"],"fullName":"AISystem - Unit Tests Property 35: AI Strength Increases with Rounds should compute increasing team size with rounds","status":"passed","title":"should compute increasing team size with rounds","duration":0.40500000000065484,"failureMessages":[],"meta":{}},{"ancestorTitles":["AISystem - Unit Tests","Property 35: AI Strength Increases with Rounds"],"fullName":"AISystem - Unit Tests Property 35: AI Strength Increases with Rounds should compute larger team size for HARD difficulty","status":"passed","title":"should compute larger team size for HARD difficulty","duration":0.15760000000045693,"failureMessages":[],"meta":{}},{"ancestorTitles":["AISystem - Unit Tests","Property 35: AI Strength Increases with Rounds"],"fullName":"AISystem - Unit Tests Property 35: AI Strength Increases with Rounds should compute smaller team size in sandbox mode","status":"passed","title":"should compute smaller team size in sandbox mode","duration":0.1430000000000291,"failureMessages":[],"meta":{}},{"ancestorTitles":["AISystem - Unit Tests","Property 35: AI Strength Increases with Rounds"],"fullName":"AISystem - Unit Tests Property 35: AI Strength Increases with Rounds should respect minimum team size of 2","status":"passed","title":"should respect minimum team size of 2","duration":0.10229999999955908,"failureMessages":[],"meta":{}},{"ancestorTitles":["AISystem - Unit Tests","Property 35: AI Strength Increases with Rounds"],"fullName":"AISystem - Unit Tests Property 35: AI Strength Increases with Rounds should respect maximum team size of 15","status":"passed","title":"should respect maximum team size of 15","duration":0.09290000000055443,"failureMessages":[],"meta":{}},{"ancestorTitles":["AISystem - Unit Tests","AI Decision Making"],"fullName":"AISystem - Unit Tests AI Decision Making should skip turn when unit is stunned","status":"passed","title":"should skip turn when unit is stunned","duration":0.6320999999998094,"failureMessages":[],"meta":{}},{"ancestorTitles":["AISystem - Unit Tests","AI Decision Making"],"fullName":"AISystem - Unit Tests AI Decision Making should use skill when rage is full","status":"passed","title":"should use skill when rage is full","duration":0.4313000000001921,"failureMessages":[],"meta":{}},{"ancestorTitles":["AISystem - Unit Tests","AI Decision Making"],"fullName":"AISystem - Unit Tests AI Decision Making should not use skill when silenced","status":"passed","title":"should not use skill when silenced","duration":0.8821000000007189,"failureMessages":[],"meta":{}},{"ancestorTitles":["AISystem - Unit Tests","AI Decision Making"],"fullName":"AISystem - Unit Tests AI Decision Making should skip turn when disarmed and rage not full","status":"passed","title":"should skip turn when disarmed and rage not full","duration":0.19980000000032305,"failureMessages":[],"meta":{}},{"ancestorTitles":["AISystem - Unit Tests","AI Decision Making"],"fullName":"AISystem - Unit Tests AI Decision Making should basic attack when rage not full","status":"passed","title":"should basic attack when rage not full","duration":0.1783000000004904,"failureMessages":[],"meta":{}},{"ancestorTitles":["AISystem - Unit Tests","AI Decision Making"],"fullName":"AISystem - Unit Tests AI Decision Making should skip when no targets available","status":"passed","title":"should skip when no targets available","duration":0.1745999999993728,"failureMessages":[],"meta":{}},{"ancestorTitles":["AISystem - Unit Tests","Target Selection"],"fullName":"AISystem - Unit Tests Target Selection should select target from enemy side","status":"passed","title":"should select target from enemy side","duration":0.25129999999990105,"failureMessages":[],"meta":{}},{"ancestorTitles":["AISystem - Unit Tests","Target Selection"],"fullName":"AISystem - Unit Tests Target Selection should return null when no enemies available","status":"passed","title":"should return null when no enemies available","duration":0.18190000000049622,"failureMessages":[],"meta":{}},{"ancestorTitles":["AISystem - Unit Tests","Target Selection"],"fullName":"AISystem - Unit Tests Target Selection should respect taunt status","status":"passed","title":"should respect taunt status","duration":0.46790000000055443,"failureMessages":[],"meta":{}},{"ancestorTitles":["AISystem - Unit Tests","Target Selection"],"fullName":"AISystem - Unit Tests Target Selection should select closest target for melee frontline","status":"passed","title":"should select closest target for melee frontline","duration":1.0330999999996493,"failureMessages":[],"meta":{}},{"ancestorTitles":["AISystem - Unit Tests","Target Selection"],"fullName":"AISystem - Unit Tests Target Selection should select backline target for assassin","status":"passed","title":"should select backline target for assassin","duration":0.2793999999994412,"failureMessages":[],"meta":{}},{"ancestorTitles":["AISystem - Unit Tests","Target Selection"],"fullName":"AISystem - Unit Tests Target Selection should select same row target for ranged units","status":"passed","title":"should select same row target for ranged units","duration":0.23409999999967113,"failureMessages":[],"meta":{}},{"ancestorTitles":["AISystem - Unit Tests","Target Selection"],"fullName":"AISystem - Unit Tests Target Selection should only target alive enemies","status":"passed","title":"should only target alive enemies","duration":0.21450000000004366,"failureMessages":[],"meta":{}},{"ancestorTitles":["AISystem - Unit Tests","AI Settings"],"fullName":"AISystem - Unit Tests AI Settings should return EASY settings","status":"passed","title":"should return EASY settings","duration":8.334800000000541,"failureMessages":[],"meta":{}},{"ancestorTitles":["AISystem - Unit Tests","AI Settings"],"fullName":"AISystem - Unit Tests AI Settings should return MEDIUM settings","status":"passed","title":"should return MEDIUM settings","duration":0.2831000000005588,"failureMessages":[],"meta":{}},{"ancestorTitles":["AISystem - Unit Tests","AI Settings"],"fullName":"AISystem - Unit Tests AI Settings should return HARD settings","status":"passed","title":"should return HARD settings","duration":0.16229999999995925,"failureMessages":[],"meta":{}},{"ancestorTitles":["AISystem - Unit Tests","AI Settings"],"fullName":"AISystem - Unit Tests AI Settings should default to MEDIUM for invalid difficulty","status":"passed","title":"should default to MEDIUM for invalid difficulty","duration":0.10939999999936845,"failureMessages":[],"meta":{}},{"ancestorTitles":["AISystem - Unit Tests","AI Settings"],"fullName":"AISystem - Unit Tests AI Settings should have all required settings fields","status":"passed","title":"should have all required settings fields","duration":0.554599999999482,"failureMessages":[],"meta":{}},{"ancestorTitles":["AISystem - Unit Tests","Edge Cases and Error Handling"],"fullName":"AISystem - Unit Tests Edge Cases and Error Handling should handle round 0","status":"passed","title":"should handle round 0","duration":0.15729999999985012,"failureMessages":[],"meta":{}},{"ancestorTitles":["AISystem - Unit Tests","Edge Cases and Error Handling"],"fullName":"AISystem - Unit Tests Edge Cases and Error Handling should handle negative round","status":"passed","title":"should handle negative round","duration":0.13339999999971042,"failureMessages":[],"meta":{}},{"ancestorTitles":["AISystem - Unit Tests","Edge Cases and Error Handling"],"fullName":"AISystem - Unit Tests Edge Cases and Error Handling should handle very high round numbers","status":"passed","title":"should handle very high round numbers","duration":0.24179999999978463,"failureMessages":[],"meta":{}},{"ancestorTitles":["AISystem - Unit Tests","Edge Cases and Error Handling"],"fullName":"AISystem - Unit Tests Edge Cases and Error Handling should handle very low budget","status":"passed","title":"should handle very low budget","duration":0.13009999999940192,"failureMessages":[],"meta":{}},{"ancestorTitles":["AISystem - Unit Tests","Edge Cases and Error Handling"],"fullName":"AISystem - Unit Tests Edge Cases and Error Handling should handle very high budget","status":"passed","title":"should handle very high budget","duration":0.18980000000010477,"failureMessages":[],"meta":{}},{"ancestorTitles":["AISystem - Unit Tests","Edge Cases and Error Handling"],"fullName":"AISystem - Unit Tests Edge Cases and Error Handling should handle undefined difficulty","status":"passed","title":"should handle undefined difficulty","duration":0.16080000000056316,"failureMessages":[],"meta":{}},{"ancestorTitles":["AISystem - Unit Tests","Edge Cases and Error Handling"],"fullName":"AISystem - Unit Tests Edge Cases and Error Handling should handle null difficulty","status":"passed","title":"should handle null difficulty","duration":0.15999999999985448,"failureMessages":[],"meta":{}},{"ancestorTitles":["AISystem - Unit Tests","Integration Scenarios"],"fullName":"AISystem - Unit Tests Integration Scenarios should generate consistent teams for same inputs","status":"passed","title":"should generate consistent teams for same inputs","duration":3.4147000000002663,"failureMessages":[],"meta":{}},{"ancestorTitles":["AISystem - Unit Tests","Integration Scenarios"],"fullName":"AISystem - Unit Tests Integration Scenarios should generate different teams across all difficulties","status":"passed","title":"should generate different teams across all difficulties","duration":3.129899999999907,"failureMessages":[],"meta":{}},{"ancestorTitles":["AISystem - Unit Tests","Integration Scenarios"],"fullName":"AISystem - Unit Tests Integration Scenarios should generate teams for progression from round 1 to 30","status":"passed","title":"should generate teams for progression from round 1 to 30","duration":3.1005999999997584,"failureMessages":[],"meta":{}},{"ancestorTitles":["AISystem - Unit Tests","Integration Scenarios"],"fullName":"AISystem - Unit Tests Integration Scenarios should handle complete AI workflow: generate team ΓåÆ make decisions","status":"passed","title":"should handle complete AI workflow: generate team ΓåÆ make decisions","duration":2.753099999999904,"failureMessages":[],"meta":{}}],"startTime":1771767436620,"endTime":1771767436676.7532,"status":"passed","message":"","name":"P:/DigiGO/games/game/tests/aiSystem.test.js"},{"assertionResults":[{"ancestorTitles":["Property 32: AI Budget Constraint"],"fullName":"Property 32: AI Budget Constraint should generate valid teams for any round and budget (property-based)","status":"passed","title":"should generate valid teams for any round and budget (property-based)","duration":38.17519999999968,"failureMessages":[],"meta":{}},{"ancestorTitles":["Property 32: AI Budget Constraint"],"fullName":"Property 32: AI Budget Constraint should generate teams with valid star levels (property-based)","status":"passed","title":"should generate teams with valid star levels (property-based)","duration":13.000699999999597,"failureMessages":[],"meta":{}},{"ancestorTitles":["Property 32: AI Budget Constraint"],"fullName":"Property 32: AI Budget Constraint should respect minimum team size of 2 (property-based)","status":"passed","title":"should respect minimum team size of 2 (property-based)","duration":26.06630000000041,"failureMessages":[],"meta":{}},{"ancestorTitles":["Property 32: AI Budget Constraint"],"fullName":"Property 32: AI Budget Constraint should respect maximum team size of 15 (property-based)","status":"passed","title":"should respect maximum team size of 15 (property-based)","duration":12.61869999999999,"failureMessages":[],"meta":{}},{"ancestorTitles":["Property 33: AI Difficulty Scaling"],"fullName":"Property 33: AI Difficulty Scaling should return valid multipliers for any difficulty (property-based)","status":"passed","title":"should return valid multipliers for any difficulty (property-based)","duration":17.27350000000024,"failureMessages":[],"meta":{}},{"ancestorTitles":["Property 33: AI Difficulty Scaling"],"fullName":"Property 33: AI Difficulty Scaling should maintain difficulty ordering: EASY < MEDIUM < HARD (property-based)","status":"passed","title":"should maintain difficulty ordering: EASY < MEDIUM < HARD (property-based)","duration":2.934400000000096,"failureMessages":[],"meta":{}},{"ancestorTitles":["Property 33: AI Difficulty Scaling"],"fullName":"Property 33: AI Difficulty Scaling should return consistent settings for same difficulty (property-based)","status":"passed","title":"should return consistent settings for same difficulty (property-based)","duration":0.6489000000001397,"failureMessages":[],"meta":{}},{"ancestorTitles":["Property 33: AI Difficulty Scaling"],"fullName":"Property 33: AI Difficulty Scaling should have higher budget multiplier for harder difficulties (property-based)","status":"passed","title":"should have higher budget multiplier for harder difficulties (property-based)","duration":1.5893999999998414,"failureMessages":[],"meta":{}},{"ancestorTitles":["Property 34: AI Team Validity"],"fullName":"Property 34: AI Team Validity should generate teams with unique positions (property-based)","status":"passed","title":"should generate teams with unique positions (property-based)","duration":11.725200000000768,"failureMessages":[],"meta":{}},{"ancestorTitles":["Property 34: AI Team Validity"],"fullName":"Property 34: AI Team Validity should generate teams with valid board positions (property-based)","status":"passed","title":"should generate teams with valid board positions (property-based)","duration":6.986599999999271,"failureMessages":[],"meta":{}},{"ancestorTitles":["Property 34: AI Team Validity"],"fullName":"Property 34: AI Team Validity should generate teams with valid unit data (property-based)","status":"passed","title":"should generate teams with valid unit data (property-based)","duration":6.674400000000787,"failureMessages":[],"meta":{}},{"ancestorTitles":["Property 34: AI Team Validity"],"fullName":"Property 34: AI Team Validity should generate diverse team compositions (property-based)","status":"passed","title":"should generate diverse team compositions (property-based)","duration":16.663400000000365,"failureMessages":[],"meta":{}},{"ancestorTitles":["Property 34: AI Team Validity"],"fullName":"Property 34: AI Team Validity should generate teams with appropriate star distribution (property-based)","status":"passed","title":"should generate teams with appropriate star distribution (property-based)","duration":127.72029999999995,"failureMessages":[],"meta":{}},{"ancestorTitles":["Property 35: AI Strength Increases with Rounds"],"fullName":"Property 35: AI Strength Increases with Rounds should compute non-decreasing team size with rounds (property-based)","status":"passed","title":"should compute non-decreasing team size with rounds (property-based)","duration":0.7741000000005442,"failureMessages":[],"meta":{}},{"ancestorTitles":["Property 35: AI Strength Increases with Rounds"],"fullName":"Property 35: AI Strength Increases with Rounds should compute larger teams for harder difficulties (property-based)","status":"passed","title":"should compute larger teams for harder difficulties (property-based)","duration":0.7823000000007596,"failureMessages":[],"meta":{}},{"ancestorTitles":["Property 35: AI Strength Increases with Rounds"],"fullName":"Property 35: AI Strength Increases with Rounds should compute smaller teams in sandbox mode (property-based)","status":"passed","title":"should compute smaller teams in sandbox mode (property-based)","duration":1.748000000000502,"failureMessages":[],"meta":{}},{"ancestorTitles":["Property 35: AI Strength Increases with Rounds"],"fullName":"Property 35: AI Strength Increases with Rounds should respect team size bounds for all rounds (property-based)","status":"passed","title":"should respect team size bounds for all rounds (property-based)","duration":1.3680999999996857,"failureMessages":[],"meta":{}},{"ancestorTitles":["Property 35: AI Strength Increases with Rounds"],"fullName":"Property 35: AI Strength Increases with Rounds should generate stronger teams in later rounds (property-based)","status":"passed","title":"should generate stronger teams in later rounds (property-based)","duration":41.77189999999973,"failureMessages":[],"meta":{}},{"ancestorTitles":["AI Decision Making Properties"],"fullName":"AI Decision Making Properties should always return valid action types (property-based)","status":"passed","title":"should always return valid action types (property-based)","duration":21.564499999999498,"failureMessages":[],"meta":{}},{"ancestorTitles":["AI Decision Making Properties"],"fullName":"AI Decision Making Properties should skip when stunned (property-based)","status":"passed","title":"should skip when stunned (property-based)","duration":2.1165000000000873,"failureMessages":[],"meta":{}},{"ancestorTitles":["AI Decision Making Properties"],"fullName":"AI Decision Making Properties should use skill when rage is full (property-based)","status":"passed","title":"should use skill when rage is full (property-based)","duration":19.215300000000752,"failureMessages":[],"meta":{}},{"ancestorTitles":["AI Decision Making Properties"],"fullName":"AI Decision Making Properties should select target from enemy side (property-based)","status":"passed","title":"should select target from enemy side (property-based)","duration":97.39659999999913,"failureMessages":[],"meta":{}},{"ancestorTitles":["AI Decision Making Properties"],"fullName":"AI Decision Making Properties should return null when no enemies available (property-based)","status":"passed","title":"should return null when no enemies available (property-based)","duration":18.41280000000006,"failureMessages":[],"meta":{}},{"ancestorTitles":["AI Decision Making Properties"],"fullName":"AI Decision Making Properties should respect taunt status (property-based)","status":"passed","title":"should respect taunt status (property-based)","duration":18.634100000000217,"failureMessages":[],"meta":{}},{"ancestorTitles":["Idempotency Properties"],"fullName":"Idempotency Properties should return same difficulty multipliers for same difficulty (property-based)","status":"passed","title":"should return same difficulty multipliers for same difficulty (property-based)","duration":1.3279999999995198,"failureMessages":[],"meta":{}},{"ancestorTitles":["Idempotency Properties"],"fullName":"Idempotency Properties should return same team size for same inputs (property-based)","status":"passed","title":"should return same team size for same inputs (property-based)","duration":0.5892999999996391,"failureMessages":[],"meta":{}},{"ancestorTitles":["Idempotency Properties"],"fullName":"Idempotency Properties should return same AI settings for same difficulty (property-based)","status":"passed","title":"should return same AI settings for same difficulty (property-based)","duration":0.5510000000003856,"failureMessages":[],"meta":{}}],"startTime":1771767412913,"endTime":1771767413423.5894,"status":"passed","message":"","name":"P:/DigiGO/games/game/tests/aiSystemProperties.test.js"},{"assertionResults":[{"ancestorTitles":["Animation Preview System","Preview Screen Display (Requirement 3.1)"],"fullName":"Animation Preview System Preview Screen Display (Requirement 3.1) should display preview screen when unit is selected","status":"passed","title":"should display preview screen when unit is selected","duration":3.707600000000639,"failureMessages":[],"meta":{}},{"ancestorTitles":["Animation Preview System","Preview Screen Display (Requirement 3.1)"],"fullName":"Animation Preview System Preview Screen Display (Requirement 3.1) should show both attack and skill preview options","status":"passed","title":"should show both attack and skill preview options","duration":1.3971999999994296,"failureMessages":[],"meta":{}},{"ancestorTitles":["Animation Preview System","Preview Screen Display (Requirement 3.1)"],"fullName":"Animation Preview System Preview Screen Display (Requirement 3.1) should not show skill preview if unit has no skill","status":"passed","title":"should not show skill preview if unit has no skill","duration":0.6802999999999884,"failureMessages":[],"meta":{}},{"ancestorTitles":["Animation Preview System","Preview Screen Display (Requirement 3.1)"],"fullName":"Animation Preview System Preview Screen Display (Requirement 3.1) should create preview container with proper depth","status":"passed","title":"should create preview container with proper depth","duration":3.257900000000518,"failureMessages":[],"meta":{}},{"ancestorTitles":["Animation Preview System","Attack Animation Playback (Requirement 3.2)"],"fullName":"Animation Preview System Attack Animation Playback (Requirement 3.2) should play basic attack animation when triggered","status":"passed","title":"should play basic attack animation when triggered","duration":1.2853000000004613,"failureMessages":[],"meta":{}},{"ancestorTitles":["Animation Preview System","Attack Animation Playback (Requirement 3.2)"],"fullName":"Animation Preview System Attack Animation Playback (Requirement 3.2) should show attack animation automatically on preview trigger","status":"passed","title":"should show attack animation automatically on preview trigger","duration":0.43209999999999127,"failureMessages":[],"meta":{}},{"ancestorTitles":["Animation Preview System","Attack Animation Playback (Requirement 3.2)"],"fullName":"Animation Preview System Attack Animation Playback (Requirement 3.2) should create target dummy for attack animation","status":"passed","title":"should create target dummy for attack animation","duration":0.7712000000001353,"failureMessages":[],"meta":{}},{"ancestorTitles":["Animation Preview System","Attack Animation Playback (Requirement 3.2)"],"fullName":"Animation Preview System Attack Animation Playback (Requirement 3.2) should reset animation after completion","status":"passed","title":"should reset animation after completion","duration":0.5122999999994136,"failureMessages":[],"meta":{}},{"ancestorTitles":["Animation Preview System","Skill Animation Playback (Requirement 3.3)"],"fullName":"Animation Preview System Skill Animation Playback (Requirement 3.3) should play skill animation when triggered","status":"passed","title":"should play skill animation when triggered","duration":1.0023000000001048,"failureMessages":[],"meta":{}},{"ancestorTitles":["Animation Preview System","Skill Animation Playback (Requirement 3.3)"],"fullName":"Animation Preview System Skill Animation Playback (Requirement 3.3) should show skill animation automatically on preview trigger","status":"passed","title":"should show skill animation automatically on preview trigger","duration":0.42190000000027794,"failureMessages":[],"meta":{}},{"ancestorTitles":["Animation Preview System","Skill Animation Playback (Requirement 3.3)"],"fullName":"Animation Preview System Skill Animation Playback (Requirement 3.3) should handle different skill action patterns","status":"passed","title":"should handle different skill action patterns","duration":0.49399999999968713,"failureMessages":[],"meta":{}},{"ancestorTitles":["Animation Preview System","Skill Animation Playback (Requirement 3.3)"],"fullName":"Animation Preview System Skill Animation Playback (Requirement 3.3) should create appropriate targets based on skill pattern","status":"passed","title":"should create appropriate targets based on skill pattern","duration":1.2721000000001368,"failureMessages":[],"meta":{}},{"ancestorTitles":["Animation Preview System","Automatic Animation Playback (Requirement 3.4)"],"fullName":"Animation Preview System Automatic Animation Playback (Requirement 3.4) should auto-play animation when preview is triggered","status":"passed","title":"should auto-play animation when preview is triggered","duration":0.33069999999952415,"failureMessages":[],"meta":{}},{"ancestorTitles":["Animation Preview System","Automatic Animation Playback (Requirement 3.4)"],"fullName":"Animation Preview System Automatic Animation Playback (Requirement 3.4) should not require manual play button for animation","status":"passed","title":"should not require manual play button for animation","duration":0.20529999999962456,"failureMessages":[],"meta":{}},{"ancestorTitles":["Animation Preview System","Automatic Animation Playback (Requirement 3.4)"],"fullName":"Animation Preview System Automatic Animation Playback (Requirement 3.4) should start animation immediately after preview mode selection","status":"passed","title":"should start animation immediately after preview mode selection","duration":0.2746999999999389,"failureMessages":[],"meta":{}},{"ancestorTitles":["Animation Preview System","Skill Description Display (Requirement 3.5)"],"fullName":"Animation Preview System Skill Description Display (Requirement 3.5) should display skill description alongside animation","status":"passed","title":"should display skill description alongside animation","duration":0.6557000000002517,"failureMessages":[],"meta":{}},{"ancestorTitles":["Animation Preview System","Skill Description Display (Requirement 3.5)"],"fullName":"Animation Preview System Skill Description Display (Requirement 3.5) should show skill name with description","status":"passed","title":"should show skill name with description","duration":0.30789999999979045,"failureMessages":[],"meta":{}},{"ancestorTitles":["Animation Preview System","Skill Description Display (Requirement 3.5)"],"fullName":"Animation Preview System Skill Description Display (Requirement 3.5) should display skill effect parameters","status":"passed","title":"should display skill effect parameters","duration":0.43760000000020227,"failureMessages":[],"meta":{}},{"ancestorTitles":["Animation Preview System","Skill Description Display (Requirement 3.5)"],"fullName":"Animation Preview System Skill Description Display (Requirement 3.5) should handle missing skill description gracefully","status":"passed","title":"should handle missing skill description gracefully","duration":0.2925999999997657,"failureMessages":[],"meta":{}},{"ancestorTitles":["Animation Preview System","Skill Description Display (Requirement 3.5)"],"fullName":"Animation Preview System Skill Description Display (Requirement 3.5) should prefer Vietnamese description over English","status":"passed","title":"should prefer Vietnamese description over English","duration":0.22290000000066357,"failureMessages":[],"meta":{}},{"ancestorTitles":["Animation Preview System","Preview Error Handling"],"fullName":"Animation Preview System Preview Error Handling should handle missing unit data gracefully","status":"passed","title":"should handle missing unit data gracefully","duration":0.24240000000008877,"failureMessages":[],"meta":{}},{"ancestorTitles":["Animation Preview System","Preview Error Handling"],"fullName":"Animation Preview System Preview Error Handling should handle missing skill data gracefully","status":"passed","title":"should handle missing skill data gracefully","duration":0.2539999999999054,"failureMessages":[],"meta":{}},{"ancestorTitles":["Animation Preview System","Preview Error Handling"],"fullName":"Animation Preview System Preview Error Handling should handle animation loading failures","status":"passed","title":"should handle animation loading failures","duration":0.29290000000037253,"failureMessages":[],"meta":{}},{"ancestorTitles":["Animation Preview System","Preview Error Handling"],"fullName":"Animation Preview System Preview Error Handling should provide fallback when sprite is missing","status":"passed","title":"should provide fallback when sprite is missing","duration":0.2434000000002925,"failureMessages":[],"meta":{}},{"ancestorTitles":["Animation Preview System","Preview Error Handling"],"fullName":"Animation Preview System Preview Error Handling should clean up resources on preview close","status":"passed","title":"should clean up resources on preview close","duration":0.5302000000001499,"failureMessages":[],"meta":{}},{"ancestorTitles":["Animation Preview System","Preview Mode Switching"],"fullName":"Animation Preview System Preview Mode Switching should switch between attack and skill preview modes","status":"passed","title":"should switch between attack and skill preview modes","duration":0.38289999999960855,"failureMessages":[],"meta":{}},{"ancestorTitles":["Animation Preview System","Preview Mode Switching"],"fullName":"Animation Preview System Preview Mode Switching should stop current animation when switching modes","status":"passed","title":"should stop current animation when switching modes","duration":1.6171999999996842,"failureMessages":[],"meta":{}},{"ancestorTitles":["Animation Preview System","Preview Mode Switching"],"fullName":"Animation Preview System Preview Mode Switching should clear previous preview elements when switching","status":"passed","title":"should clear previous preview elements when switching","duration":0.6962000000003172,"failureMessages":[],"meta":{}},{"ancestorTitles":["Animation Preview System","Preview Integration with Wiki"],"fullName":"Animation Preview System Preview Integration with Wiki should open preview from unit detail view","status":"passed","title":"should open preview from unit detail view","duration":0.33320000000003347,"failureMessages":[],"meta":{}},{"ancestorTitles":["Animation Preview System","Preview Integration with Wiki"],"fullName":"Animation Preview System Preview Integration with Wiki should close preview and return to detail view","status":"passed","title":"should close preview and return to detail view","duration":0.2231999999994514,"failureMessages":[],"meta":{}},{"ancestorTitles":["Animation Preview System","Preview Integration with Wiki"],"fullName":"Animation Preview System Preview Integration with Wiki should maintain wiki scroll position when opening preview","status":"passed","title":"should maintain wiki scroll position when opening preview","duration":0.2780000000002474,"failureMessages":[],"meta":{}},{"ancestorTitles":["Animation Preview System","Preview Visual Feedback"],"fullName":"Animation Preview System Preview Visual Feedback should show loading indicator while animation loads","status":"passed","title":"should show loading indicator while animation loads","duration":0.2601999999997133,"failureMessages":[],"meta":{}},{"ancestorTitles":["Animation Preview System","Preview Visual Feedback"],"fullName":"Animation Preview System Preview Visual Feedback should highlight selected preview mode button","status":"passed","title":"should highlight selected preview mode button","duration":1.0186000000003332,"failureMessages":[],"meta":{}},{"ancestorTitles":["Animation Preview System","Preview Visual Feedback"],"fullName":"Animation Preview System Preview Visual Feedback should show replay button after animation completes","status":"passed","title":"should show replay button after animation completes","duration":1.3167999999996027,"failureMessages":[],"meta":{}}],"startTime":1771767472139,"endTime":1771767472167.317,"status":"passed","message":"","name":"P:/DigiGO/games/game/tests/animationPreview.test.js"},{"assertionResults":[{"ancestorTitles":["Animation Preview System Properties","Property 5: Unit Preview Display"],"fullName":"Animation Preview System Properties Property 5: Unit Preview Display should display preview screen with attack and skill options for any unit","status":"passed","title":"should display preview screen with attack and skill options for any unit","duration":7.505099999998492,"failureMessages":[],"meta":{}},{"ancestorTitles":["Animation Preview System Properties","Property 5: Unit Preview Display"],"fullName":"Animation Preview System Properties Property 5: Unit Preview Display should allow triggering attack animation for any unit","status":"passed","title":"should allow triggering attack animation for any unit","duration":2.05290000000241,"failureMessages":[],"meta":{}},{"ancestorTitles":["Animation Preview System Properties","Property 5: Unit Preview Display"],"fullName":"Animation Preview System Properties Property 5: Unit Preview Display should allow triggering skill animation for any unit","status":"passed","title":"should allow triggering skill animation for any unit","duration":1.3016999999999825,"failureMessages":[],"meta":{}},{"ancestorTitles":["Animation Preview System Properties","Property 6: Preview Skill Description"],"fullName":"Animation Preview System Properties Property 6: Preview Skill Description should display skill description for any unit with a skill","status":"passed","title":"should display skill description for any unit with a skill","duration":1.0955999999969208,"failureMessages":[],"meta":{}},{"ancestorTitles":["Animation Preview System Properties","Property 6: Preview Skill Description"],"fullName":"Animation Preview System Properties Property 6: Preview Skill Description should verify all units with skills have descriptions in preview","status":"passed","title":"should verify all units with skills have descriptions in preview","duration":1.7004999999990105,"failureMessages":[],"meta":{}},{"ancestorTitles":["Animation Preview System Properties","Property 6: Preview Skill Description"],"fullName":"Animation Preview System Properties Property 6: Preview Skill Description should verify skill descriptions are non-empty strings","status":"passed","title":"should verify skill descriptions are non-empty strings","duration":0.5475000000005821,"failureMessages":[],"meta":{}}],"startTime":1771767537549,"endTime":1771767537564.5476,"status":"passed","message":"","name":"P:/DigiGO/games/game/tests/animationPreviewProperties.test.js"},{"assertionResults":[{"ancestorTitles":["getEffectiveSkillId - Assassin Skill Upgrade System","ASSASSIN units with 2-3 stars"],"fullName":"getEffectiveSkillId - Assassin Skill Upgrade System ASSASSIN units with 2-3 stars should return upgraded skill for 2-star assassin with existing _v2 variant","status":"passed","title":"should return upgraded skill for 2-star assassin with existing _v2 variant","duration":2.3730999999988853,"failureMessages":[],"meta":{}},{"ancestorTitles":["getEffectiveSkillId - Assassin Skill Upgrade System","ASSASSIN units with 2-3 stars"],"fullName":"getEffectiveSkillId - Assassin Skill Upgrade System ASSASSIN units with 2-3 stars should return upgraded skill for 3-star assassin with existing _v2 variant","status":"passed","title":"should return upgraded skill for 3-star assassin with existing _v2 variant","duration":0.32409999999981665,"failureMessages":[],"meta":{}},{"ancestorTitles":["getEffectiveSkillId - Assassin Skill Upgrade System","ASSASSIN units with 2-3 stars"],"fullName":"getEffectiveSkillId - Assassin Skill Upgrade System ASSASSIN units with 2-3 stars should return base skill for 2-star assassin when _v2 does not exist","status":"passed","title":"should return base skill for 2-star assassin when _v2 does not exist","duration":0.16079999999965366,"failureMessages":[],"meta":{}},{"ancestorTitles":["getEffectiveSkillId - Assassin Skill Upgrade System","ASSASSIN units with 2-3 stars"],"fullName":"getEffectiveSkillId - Assassin Skill Upgrade System ASSASSIN units with 2-3 stars should return base skill for 3-star assassin when _v2 does not exist","status":"passed","title":"should return base skill for 3-star assassin when _v2 does not exist","duration":0.39840000000003783,"failureMessages":[],"meta":{}},{"ancestorTitles":["getEffectiveSkillId - Assassin Skill Upgrade System","ASSASSIN units with 1 star"],"fullName":"getEffectiveSkillId - Assassin Skill Upgrade System ASSASSIN units with 1 star should return base skill for 1-star assassin even if _v2 exists","status":"passed","title":"should return base skill for 1-star assassin even if _v2 exists","duration":0.464799999999741,"failureMessages":[],"meta":{}},{"ancestorTitles":["getEffectiveSkillId - Assassin Skill Upgrade System","Non-ASSASSIN units"],"fullName":"getEffectiveSkillId - Assassin Skill Upgrade System Non-ASSASSIN units should return base skill for 2-star MAGE even if _v2 exists","status":"passed","title":"should return base skill for 2-star MAGE even if _v2 exists","duration":0.1793999999990774,"failureMessages":[],"meta":{}},{"ancestorTitles":["getEffectiveSkillId - Assassin Skill Upgrade System","Non-ASSASSIN units"],"fullName":"getEffectiveSkillId - Assassin Skill Upgrade System Non-ASSASSIN units should return base skill for 3-star FIGHTER even if _v2 exists","status":"passed","title":"should return base skill for 3-star FIGHTER even if _v2 exists","duration":0.22959999999875436,"failureMessages":[],"meta":{}},{"ancestorTitles":["getEffectiveSkillId - Assassin Skill Upgrade System","Non-ASSASSIN units"],"fullName":"getEffectiveSkillId - Assassin Skill Upgrade System Non-ASSASSIN units should return base skill for 2-star ARCHER","status":"passed","title":"should return base skill for 2-star ARCHER","duration":0.1518000000014581,"failureMessages":[],"meta":{}},{"ancestorTitles":["getEffectiveSkillId - Assassin Skill Upgrade System","Non-ASSASSIN units"],"fullName":"getEffectiveSkillId - Assassin Skill Upgrade System Non-ASSASSIN units should return base skill for 3-star TANKER","status":"passed","title":"should return base skill for 3-star TANKER","duration":0.4283999999988737,"failureMessages":[],"meta":{}},{"ancestorTitles":["getEffectiveSkillId - Assassin Skill Upgrade System","Non-ASSASSIN units"],"fullName":"getEffectiveSkillId - Assassin Skill Upgrade System Non-ASSASSIN units should return base skill for 2-star SUPPORT","status":"passed","title":"should return base skill for 2-star SUPPORT","duration":0.18229999999857682,"failureMessages":[],"meta":{}},{"ancestorTitles":["getEffectiveSkillId - Assassin Skill Upgrade System","Edge cases"],"fullName":"getEffectiveSkillId - Assassin Skill Upgrade System Edge cases should handle empty skill library gracefully","status":"passed","title":"should handle empty skill library gracefully","duration":0.1352999999999156,"failureMessages":[],"meta":{}},{"ancestorTitles":["getEffectiveSkillId - Assassin Skill Upgrade System","Edge cases"],"fullName":"getEffectiveSkillId - Assassin Skill Upgrade System Edge cases should handle null skill library gracefully","status":"passed","title":"should handle null skill library gracefully","duration":0.09879999999975553,"failureMessages":[],"meta":{}},{"ancestorTitles":["getEffectiveSkillId - Assassin Skill Upgrade System","Edge cases"],"fullName":"getEffectiveSkillId - Assassin Skill Upgrade System Edge cases should handle undefined skill library gracefully","status":"passed","title":"should handle undefined skill library gracefully","duration":0.09130000000004657,"failureMessages":[],"meta":{}},{"ancestorTitles":["getEffectiveSkillId - Assassin Skill Upgrade System","Edge cases"],"fullName":"getEffectiveSkillId - Assassin Skill Upgrade System Edge cases should handle empty base skill ID","status":"passed","title":"should handle empty base skill ID","duration":0.08790000000044529,"failureMessages":[],"meta":{}},{"ancestorTitles":["getEffectiveSkillId - Assassin Skill Upgrade System","Naming convention"],"fullName":"getEffectiveSkillId - Assassin Skill Upgrade System Naming convention should construct upgraded skill ID as baseSkillId + \"_v2\"","status":"passed","title":"should construct upgraded skill ID as baseSkillId + \"_v2\"","duration":0.10499999999956344,"failureMessages":[],"meta":{}},{"ancestorTitles":["getEffectiveSkillId - Assassin Skill Upgrade System","Naming convention"],"fullName":"getEffectiveSkillId - Assassin Skill Upgrade System Naming convention should verify naming convention for all known upgrades","status":"passed","title":"should verify naming convention for all known upgrades","duration":0.21710000000166474,"failureMessages":[],"meta":{}}],"startTime":1771767588482,"endTime":1771767588488.217,"status":"passed","message":"","name":"P:/DigiGO/games/game/tests/assassinSkillUpgrade.test.js"},{"assertionResults":[{"ancestorTitles":["Assassin Skill Upgrade Integration","Unit creation with skill upgrades"],"fullName":"Assassin Skill Upgrade Integration Unit creation with skill upgrades should use upgraded skill for 2-star Panther (void_execute ΓåÆ void_execute_v2)","status":"passed","title":"should use upgraded skill for 2-star Panther (void_execute ΓåÆ void_execute_v2)","duration":1.961999999999989,"failureMessages":[],"meta":{}},{"ancestorTitles":["Assassin Skill Upgrade Integration","Unit creation with skill upgrades"],"fullName":"Assassin Skill Upgrade Integration Unit creation with skill upgrades should use base skill for 3-star Fox (unit_skill_fox_flame) - upgrade not implemented","status":"passed","title":"should use base skill for 3-star Fox (unit_skill_fox_flame) - upgrade not implemented","duration":0.35399999999981446,"failureMessages":[],"meta":{}},{"ancestorTitles":["Assassin Skill Upgrade Integration","Unit creation with skill upgrades"],"fullName":"Assassin Skill Upgrade Integration Unit creation with skill upgrades should use base skill for 2-star Mosquito (unit_skill_mosquito_toxic) - upgrade not implemented","status":"passed","title":"should use base skill for 2-star Mosquito (unit_skill_mosquito_toxic) - upgrade not implemented","duration":0.3404000000000451,"failureMessages":[],"meta":{}},{"ancestorTitles":["Assassin Skill Upgrade Integration","Unit creation with skill upgrades"],"fullName":"Assassin Skill Upgrade Integration Unit creation with skill upgrades should use base skill for 1-star Panther (void_execute)","status":"passed","title":"should use base skill for 1-star Panther (void_execute)","duration":0.5326999999997497,"failureMessages":[],"meta":{}},{"ancestorTitles":["Assassin Skill Upgrade Integration","Unit creation with skill upgrades"],"fullName":"Assassin Skill Upgrade Integration Unit creation with skill upgrades should use base skill for 3-star non-ASSASSIN unit","status":"passed","title":"should use base skill for 3-star non-ASSASSIN unit","duration":0.3021000000003369,"failureMessages":[],"meta":{}},{"ancestorTitles":["Assassin Skill Upgrade Integration","Unit creation with skill upgrades"],"fullName":"Assassin Skill Upgrade Integration Unit creation with skill upgrades should use base skill for 2-star Bat when no _v2 exists (unit_skill_bat_blood)","status":"passed","title":"should use base skill for 2-star Bat when no _v2 exists (unit_skill_bat_blood)","duration":0.2856000000001586,"failureMessages":[],"meta":{}},{"ancestorTitles":["Assassin Skill Upgrade Integration","Backward compatibility"],"fullName":"Assassin Skill Upgrade Integration Backward compatibility should handle units with existing skills gracefully","status":"passed","title":"should handle units with existing skills gracefully","duration":6.891900000000078,"failureMessages":[],"meta":{}},{"ancestorTitles":["Assassin Skill Upgrade Integration","Backward compatibility"],"fullName":"Assassin Skill Upgrade Integration Backward compatibility should verify all _v2 skills exist in SKILL_LIBRARY","status":"passed","title":"should verify all _v2 skills exist in SKILL_LIBRARY","duration":1.0808999999999287,"failureMessages":[],"meta":{}},{"ancestorTitles":["Assassin Skill Upgrade Integration","Skill upgrade naming convention"],"fullName":"Assassin Skill Upgrade Integration Skill upgrade naming convention should follow baseSkillId + \"_v2\" naming pattern","status":"passed","title":"should follow baseSkillId + \"_v2\" naming pattern","duration":0.8013999999998305,"failureMessages":[],"meta":{}}],"startTime":1771767451218,"endTime":1771767451230.8015,"status":"passed","message":"","name":"P:/DigiGO/games/game/tests/assassinSkillUpgradeIntegration.test.js"},{"assertionResults":[{"ancestorTitles":["Bug Condition Exploration - Assassin Targeting"],"fullName":"Bug Condition Exploration - Assassin Targeting Property 1: Assassin should target farthest enemy","status":"passed","title":"Property 1: Assassin should target farthest enemy","duration":10.779300000000148,"failureMessages":[],"meta":{}},{"ancestorTitles":["Bug Condition Exploration - Assassin Targeting"],"fullName":"Bug Condition Exploration - Assassin Targeting Property 2: When multiple enemies equidistant, prefer same row","status":"passed","title":"Property 2: When multiple enemies equidistant, prefer same row","duration":0.4241999999994732,"failureMessages":[],"meta":{}},{"ancestorTitles":["Bug Condition Exploration - Assassin Targeting"],"fullName":"Bug Condition Exploration - Assassin Targeting Property 3: When no same row target, prefer top row over bottom","status":"passed","title":"Property 3: When no same row target, prefer top row over bottom","duration":0.3909000000003289,"failureMessages":[],"meta":{}},{"ancestorTitles":["Bug Condition Exploration - Assassin Targeting"],"fullName":"Bug Condition Exploration - Assassin Targeting Property 4: Assassin always targets enemy with highest column","status":"failed","title":"Property 4: Assassin always targets enemy with highest column","duration":49.82099999999991,"failureMessages":["Error: Property failed after 1 tests\n{ seed: 1027870399, path: \"0:1:2:1:3:3:3:3:3:4:3:4\", endOnFailure: true }\nCounterexample: [2,[{\"uid\":\"enemy\",\"row\":2,\"col\":1,\"side\":\"RIGHT\",\"alive\":true,\"classType\":\"FIGHTER\"},{\"uid\":\"enemy\",\"row\":1,\"col\":1,\"side\":\"RIGHT\",\"alive\":true,\"classType\":\"FIGHTER\"},{\"uid\":\"enemy\",\"row\":1,\"col\":2,\"side\":\"RIGHT\",\"alive\":true,\"classType\":\"FIGHTER\"}]]\nShrunk 11 time(s)\n\nHint: Enable verbose mode in order to have the list of all failing values encountered during the run\n    at buildError (file:///P:/DigiGO/games/game/node_modules/fast-check/lib/check/runner/utils/RunDetailsFormatter.js:156:19)\n    at throwIfFailed (file:///P:/DigiGO/games/game/node_modules/fast-check/lib/check/runner/utils/RunDetailsFormatter.js:165:11)\n    at reportRunDetails (file:///P:/DigiGO/games/game/node_modules/fast-check/lib/check/runner/utils/RunDetailsFormatter.js:178:16)\n    at Proxy.assert (file:///P:/DigiGO/games/game/node_modules/fast-check/lib/check/runner/Runner.js:61:9)\n    at P:/DigiGO/games/game/tests/assassinTargetingBug.test.js:236:8\n    at file:///P:/DigiGO/games/game/node_modules/@vitest/runner/dist/index.js:145:11\n    at file:///P:/DigiGO/games/game/node_modules/@vitest/runner/dist/index.js:915:26\n    at file:///P:/DigiGO/games/game/node_modules/@vitest/runner/dist/index.js:1243:20\n    at new Promise (<anonymous>)\n    at runWithTimeout (file:///P:/DigiGO/games/game/node_modules/@vitest/runner/dist/index.js:1209:10)"],"meta":{}},{"ancestorTitles":["Bug Condition Exploration - Assassin Targeting"],"fullName":"Bug Condition Exploration - Assassin Targeting Property 5: Assassin skills with ASSASSIN_BACK pattern target farthest (control)","status":"passed","title":"Property 5: Assassin skills with ASSASSIN_BACK pattern target farthest (control)","duration":0.2690999999995256,"failureMessages":[],"meta":{}},{"ancestorTitles":["Bug Condition Exploration - Assassin Targeting"],"fullName":"Bug Condition Exploration - Assassin Targeting Property 6: Comprehensive tie-breaking with multiple farthest enemies","status":"passed","title":"Property 6: Comprehensive tie-breaking with multiple farthest enemies","duration":57.80330000000049,"failureMessages":[],"meta":{}}],"startTime":1771767396909,"endTime":1771767397028.8032,"status":"failed","message":"","name":"P:/DigiGO/games/game/tests/assassinTargetingBug.test.js"},{"assertionResults":[{"ancestorTitles":["Backward Compatibility - Architecture Refactor","Pre-Refactor Save Files"],"fullName":"Backward Compatibility - Architecture Refactor Pre-Refactor Save Files should load pre-refactor save with basic player state","status":"passed","title":"should load pre-refactor save with basic player state","duration":4.268300000000181,"failureMessages":[],"meta":{}},{"ancestorTitles":["Backward Compatibility - Architecture Refactor","Pre-Refactor Save Files"],"fullName":"Backward Compatibility - Architecture Refactor Pre-Refactor Save Files should preserve units on board from pre-refactor save","status":"passed","title":"should preserve units on board from pre-refactor save","duration":1.9952000000002954,"failureMessages":[],"meta":{}},{"ancestorTitles":["Backward Compatibility - Architecture Refactor","Pre-Refactor Save Files"],"fullName":"Backward Compatibility - Architecture Refactor Pre-Refactor Save Files should preserve bench units from pre-refactor save","status":"passed","title":"should preserve bench units from pre-refactor save","duration":1.5010000000002037,"failureMessages":[],"meta":{}},{"ancestorTitles":["Backward Compatibility - Architecture Refactor","Pre-Refactor Save Files"],"fullName":"Backward Compatibility - Architecture Refactor Pre-Refactor Save Files should preserve shop offers from pre-refactor save","status":"passed","title":"should preserve shop offers from pre-refactor save","duration":1.665899999999965,"failureMessages":[],"meta":{}},{"ancestorTitles":["Backward Compatibility - Architecture Refactor","Pre-Refactor Save Files"],"fullName":"Backward Compatibility - Architecture Refactor Pre-Refactor Save Files should preserve unit equipment from pre-refactor save","status":"passed","title":"should preserve unit equipment from pre-refactor save","duration":1.6820000000002437,"failureMessages":[],"meta":{}},{"ancestorTitles":["Backward Compatibility - Architecture Refactor","Game Continues Normally After Load"],"fullName":"Backward Compatibility - Architecture Refactor Game Continues Normally After Load should hydrate run state correctly from pre-refactor save","status":"passed","title":"should hydrate run state correctly from pre-refactor save","duration":1.0641000000000531,"failureMessages":[],"meta":{}},{"ancestorTitles":["Backward Compatibility - Architecture Refactor","Game Continues Normally After Load"],"fullName":"Backward Compatibility - Architecture Refactor Game Continues Normally After Load should preserve complex game state including augments","status":"passed","title":"should preserve complex game state including augments","duration":1.0797999999999774,"failureMessages":[],"meta":{}},{"ancestorTitles":["Backward Compatibility - Architecture Refactor","No Data Loss"],"fullName":"Backward Compatibility - Architecture Refactor No Data Loss should preserve all data through load and save cycle","status":"passed","title":"should preserve all data through load and save cycle","duration":1.4605000000001382,"failureMessages":[],"meta":{}},{"ancestorTitles":["Backward Compatibility - Architecture Refactor","No Data Loss"],"fullName":"Backward Compatibility - Architecture Refactor No Data Loss should preserve maximum level (25) from pre-refactor save","status":"passed","title":"should preserve maximum level (25) from pre-refactor save","duration":1.596900000000005,"failureMessages":[],"meta":{}},{"ancestorTitles":["Backward Compatibility - Architecture Refactor","No Data Loss"],"fullName":"Backward Compatibility - Architecture Refactor No Data Loss should preserve all star levels (1, 2, 3) from pre-refactor save","status":"passed","title":"should preserve all star levels (1, 2, 3) from pre-refactor save","duration":0.5124999999998181,"failureMessages":[],"meta":{}},{"ancestorTitles":["Backward Compatibility - Architecture Refactor","Save Format Unchanged"],"fullName":"Backward Compatibility - Architecture Refactor Save Format Unchanged should maintain same save format structure","status":"passed","title":"should maintain same save format structure","duration":0.948699999999917,"failureMessages":[],"meta":{}},{"ancestorTitles":["Backward Compatibility - Architecture Refactor","Save Format Unchanged"],"fullName":"Backward Compatibility - Architecture Refactor Save Format Unchanged should use version 2 for all saves","status":"passed","title":"should use version 2 for all saves","duration":0.28510000000005675,"failureMessages":[],"meta":{}},{"ancestorTitles":["Backward Compatibility - Architecture Refactor","Edge Cases"],"fullName":"Backward Compatibility - Architecture Refactor Edge Cases should handle empty board and bench from pre-refactor save","status":"passed","title":"should handle empty board and bench from pre-refactor save","duration":1.0167999999998756,"failureMessages":[],"meta":{}},{"ancestorTitles":["Backward Compatibility - Architecture Refactor","Edge Cases"],"fullName":"Backward Compatibility - Architecture Refactor Edge Cases should handle full bench from pre-refactor save","status":"passed","title":"should handle full bench from pre-refactor save","duration":0.5006000000003041,"failureMessages":[],"meta":{}}],"startTime":1771767444331,"endTime":1771767444351.5005,"status":"passed","message":"","name":"P:/DigiGO/games/game/tests/backwardCompatibility.test.js"},{"assertionResults":[{"ancestorTitles":["Board Operations Integration Tests","Board initialization"],"fullName":"Board Operations Integration Tests Board initialization should create empty 5x5 board","status":"passed","title":"should create empty 5x5 board","duration":5.595299999999952,"failureMessages":[],"meta":{}},{"ancestorTitles":["Board Operations Integration Tests","Board initialization"],"fullName":"Board Operations Integration Tests Board initialization should have deploy count of 0 for empty board","status":"passed","title":"should have deploy count of 0 for empty board","duration":0.3886999999995169,"failureMessages":[],"meta":{}},{"ancestorTitles":["Board Operations Integration Tests","Board initialization"],"fullName":"Board Operations Integration Tests Board initialization should allow deployment on empty board","status":"passed","title":"should allow deployment on empty board","duration":0.1643000000003667,"failureMessages":[],"meta":{}},{"ancestorTitles":["Board Operations Integration Tests","Position validation"],"fullName":"Board Operations Integration Tests Position validation should validate positions within bounds (0-4)","status":"passed","title":"should validate positions within bounds (0-4)","duration":0.5826000000006388,"failureMessages":[],"meta":{}},{"ancestorTitles":["Board Operations Integration Tests","Position validation"],"fullName":"Board Operations Integration Tests Position validation should reject positions outside bounds","status":"passed","title":"should reject positions outside bounds","duration":1.3213000000005195,"failureMessages":[],"meta":{}},{"ancestorTitles":["Board Operations Integration Tests","Position validation"],"fullName":"Board Operations Integration Tests Position validation should check if position is empty","status":"passed","title":"should check if position is empty","duration":0.34609999999975116,"failureMessages":[],"meta":{}},{"ancestorTitles":["Board Operations Integration Tests","Place unit operations"],"fullName":"Board Operations Integration Tests Place unit operations should place unit on empty position","status":"passed","title":"should place unit on empty position","duration":0.2916000000004715,"failureMessages":[],"meta":{}},{"ancestorTitles":["Board Operations Integration Tests","Place unit operations"],"fullName":"Board Operations Integration Tests Place unit operations should reject placement on invalid position","status":"passed","title":"should reject placement on invalid position","duration":0.2337999999999738,"failureMessages":[],"meta":{}},{"ancestorTitles":["Board Operations Integration Tests","Place unit operations"],"fullName":"Board Operations Integration Tests Place unit operations should reject placement on occupied position","status":"passed","title":"should reject placement on occupied position","duration":0.956000000000131,"failureMessages":[],"meta":{}},{"ancestorTitles":["Board Operations Integration Tests","Place unit operations"],"fullName":"Board Operations Integration Tests Place unit operations should reject placement when deploy limit reached","status":"passed","title":"should reject placement when deploy limit reached","duration":0.9094000000004598,"failureMessages":[],"meta":{}},{"ancestorTitles":["Board Operations Integration Tests","Place unit operations"],"fullName":"Board Operations Integration Tests Place unit operations should place multiple units on different positions","status":"passed","title":"should place multiple units on different positions","duration":0.7923000000000684,"failureMessages":[],"meta":{}},{"ancestorTitles":["Board Operations Integration Tests","Remove unit operations"],"fullName":"Board Operations Integration Tests Remove unit operations should remove unit from position","status":"passed","title":"should remove unit from position","duration":0.3077999999995882,"failureMessages":[],"meta":{}},{"ancestorTitles":["Board Operations Integration Tests","Remove unit operations"],"fullName":"Board Operations Integration Tests Remove unit operations should reject removal from invalid position","status":"passed","title":"should reject removal from invalid position","duration":0.21590000000014697,"failureMessages":[],"meta":{}},{"ancestorTitles":["Board Operations Integration Tests","Remove unit operations"],"fullName":"Board Operations Integration Tests Remove unit operations should reject removal from empty position","status":"passed","title":"should reject removal from empty position","duration":0.12529999999969732,"failureMessages":[],"meta":{}},{"ancestorTitles":["Board Operations Integration Tests","Remove unit operations"],"fullName":"Board Operations Integration Tests Remove unit operations should allow placing unit after removal","status":"passed","title":"should allow placing unit after removal","duration":0.2713999999996304,"failureMessages":[],"meta":{}},{"ancestorTitles":["Board Operations Integration Tests","Move unit operations"],"fullName":"Board Operations Integration Tests Move unit operations should move unit to empty position","status":"passed","title":"should move unit to empty position","duration":0.5057000000006155,"failureMessages":[],"meta":{}},{"ancestorTitles":["Board Operations Integration Tests","Move unit operations"],"fullName":"Board Operations Integration Tests Move unit operations should swap units when allowSwap is true","status":"passed","title":"should swap units when allowSwap is true","duration":2.243899999999485,"failureMessages":[],"meta":{}},{"ancestorTitles":["Board Operations Integration Tests","Move unit operations"],"fullName":"Board Operations Integration Tests Move unit operations should reject move when destination occupied and allowSwap is false","status":"passed","title":"should reject move when destination occupied and allowSwap is false","duration":0.3845000000001164,"failureMessages":[],"meta":{}},{"ancestorTitles":["Board Operations Integration Tests","Move unit operations"],"fullName":"Board Operations Integration Tests Move unit operations should reject move from invalid source position","status":"passed","title":"should reject move from invalid source position","duration":0.15239999999994325,"failureMessages":[],"meta":{}},{"ancestorTitles":["Board Operations Integration Tests","Move unit operations"],"fullName":"Board Operations Integration Tests Move unit operations should reject move to invalid destination position","status":"passed","title":"should reject move to invalid destination position","duration":0.17859999999927823,"failureMessages":[],"meta":{}},{"ancestorTitles":["Board Operations Integration Tests","Move unit operations"],"fullName":"Board Operations Integration Tests Move unit operations should reject move from empty position","status":"passed","title":"should reject move from empty position","duration":0.15639999999984866,"failureMessages":[],"meta":{}},{"ancestorTitles":["Board Operations Integration Tests","Move unit operations"],"fullName":"Board Operations Integration Tests Move unit operations should maintain deploy count after move","status":"passed","title":"should maintain deploy count after move","duration":0.12860000000000582,"failureMessages":[],"meta":{}},{"ancestorTitles":["Board Operations Integration Tests","Move unit operations"],"fullName":"Board Operations Integration Tests Move unit operations should maintain deploy count after swap","status":"passed","title":"should maintain deploy count after swap","duration":0.14099999999962165,"failureMessages":[],"meta":{}},{"ancestorTitles":["Board Operations Integration Tests","Board state queries"],"fullName":"Board Operations Integration Tests Board state queries should get unit at specific position","status":"passed","title":"should get unit at specific position","duration":0.19790000000011787,"failureMessages":[],"meta":{}},{"ancestorTitles":["Board Operations Integration Tests","Board state queries"],"fullName":"Board Operations Integration Tests Board state queries should return null for empty position","status":"passed","title":"should return null for empty position","duration":0.10890000000017608,"failureMessages":[],"meta":{}},{"ancestorTitles":["Board Operations Integration Tests","Board state queries"],"fullName":"Board Operations Integration Tests Board state queries should return null for invalid position","status":"passed","title":"should return null for invalid position","duration":0.09019999999964057,"failureMessages":[],"meta":{}},{"ancestorTitles":["Board Operations Integration Tests","Board state queries"],"fullName":"Board Operations Integration Tests Board state queries should count deployed units correctly","status":"passed","title":"should count deployed units correctly","duration":0.21779999999944266,"failureMessages":[],"meta":{}},{"ancestorTitles":["Board Operations Integration Tests","Board state queries"],"fullName":"Board Operations Integration Tests Board state queries should get all deployed units","status":"passed","title":"should get all deployed units","duration":0.8815999999997075,"failureMessages":[],"meta":{}},{"ancestorTitles":["Board Operations Integration Tests","Board state queries"],"fullName":"Board Operations Integration Tests Board state queries should return empty array for empty board","status":"passed","title":"should return empty array for empty board","duration":0.18069999999988795,"failureMessages":[],"meta":{}},{"ancestorTitles":["Board Operations Integration Tests","Deploy limit enforcement"],"fullName":"Board Operations Integration Tests Deploy limit enforcement should enforce deploy limit","status":"passed","title":"should enforce deploy limit","duration":0.20300000000042928,"failureMessages":[],"meta":{}},{"ancestorTitles":["Board Operations Integration Tests","Deploy limit enforcement"],"fullName":"Board Operations Integration Tests Deploy limit enforcement should allow deployment after removing unit","status":"passed","title":"should allow deployment after removing unit","duration":0.16560000000026776,"failureMessages":[],"meta":{}},{"ancestorTitles":["Board Operations Integration Tests","Deploy limit enforcement"],"fullName":"Board Operations Integration Tests Deploy limit enforcement should handle deploy limit of 25 (max)","status":"passed","title":"should handle deploy limit of 25 (max)","duration":0.7026999999998225,"failureMessages":[],"meta":{}},{"ancestorTitles":["Board Operations Integration Tests","Complex board scenarios"],"fullName":"Board Operations Integration Tests Complex board scenarios should handle full board operations workflow","status":"passed","title":"should handle full board operations workflow","duration":0.35539999999946303,"failureMessages":[],"meta":{}},{"ancestorTitles":["Board Operations Integration Tests","Complex board scenarios"],"fullName":"Board Operations Integration Tests Complex board scenarios should handle clearing board","status":"passed","title":"should handle clearing board","duration":1.40979999999945,"failureMessages":[],"meta":{}},{"ancestorTitles":["Board Operations Integration Tests","Complex board scenarios"],"fullName":"Board Operations Integration Tests Complex board scenarios should maintain unit data integrity through operations","status":"passed","title":"should maintain unit data integrity through operations","duration":0.36590000000069267,"failureMessages":[],"meta":{}}],"startTime":1771767465293,"endTime":1771767465316.366,"status":"passed","message":"","name":"P:/DigiGO/games/game/tests/boardOperations.test.js"},{"assertionResults":[{"ancestorTitles":["BoardSystem Unit Tests","Position validation","isValidPosition"],"fullName":"BoardSystem Unit Tests Position validation isValidPosition should validate positions within bounds (0-4)","status":"passed","title":"should validate positions within bounds (0-4)","duration":2.62900000000036,"failureMessages":[],"meta":{}},{"ancestorTitles":["BoardSystem Unit Tests","Position validation","isValidPosition"],"fullName":"BoardSystem Unit Tests Position validation isValidPosition should reject negative positions","status":"passed","title":"should reject negative positions","duration":0.2844000000000051,"failureMessages":[],"meta":{}},{"ancestorTitles":["BoardSystem Unit Tests","Position validation","isValidPosition"],"fullName":"BoardSystem Unit Tests Position validation isValidPosition should reject positions >= 5","status":"passed","title":"should reject positions >= 5","duration":0.3668999999999869,"failureMessages":[],"meta":{}},{"ancestorTitles":["BoardSystem Unit Tests","Position validation","isValidPosition"],"fullName":"BoardSystem Unit Tests Position validation isValidPosition should reject non-integer positions","status":"passed","title":"should reject non-integer positions","duration":0.42750000000023647,"failureMessages":[],"meta":{}},{"ancestorTitles":["BoardSystem Unit Tests","Position validation","isValidPosition"],"fullName":"BoardSystem Unit Tests Position validation isValidPosition should handle boundary cases","status":"passed","title":"should handle boundary cases","duration":0.36389999999983047,"failureMessages":[],"meta":{}},{"ancestorTitles":["BoardSystem Unit Tests","Position validation","isValidPlayerBoardPosition"],"fullName":"BoardSystem Unit Tests Position validation isValidPlayerBoardPosition should validate player board positions (0-4)","status":"passed","title":"should validate player board positions (0-4)","duration":0.2874000000001615,"failureMessages":[],"meta":{}},{"ancestorTitles":["BoardSystem Unit Tests","Position validation","isValidPlayerBoardPosition"],"fullName":"BoardSystem Unit Tests Position validation isValidPlayerBoardPosition should reject invalid player board positions","status":"passed","title":"should reject invalid player board positions","duration":0.2636999999999716,"failureMessages":[],"meta":{}},{"ancestorTitles":["BoardSystem Unit Tests","Position validation","isValidBenchIndex"],"fullName":"BoardSystem Unit Tests Position validation isValidBenchIndex should validate bench indices within capacity","status":"passed","title":"should validate bench indices within capacity","duration":0.2885999999998603,"failureMessages":[],"meta":{}},{"ancestorTitles":["BoardSystem Unit Tests","Position validation","isValidBenchIndex"],"fullName":"BoardSystem Unit Tests Position validation isValidBenchIndex should reject negative bench indices","status":"passed","title":"should reject negative bench indices","duration":0.34169999999994616,"failureMessages":[],"meta":{}},{"ancestorTitles":["BoardSystem Unit Tests","Position validation","isValidBenchIndex"],"fullName":"BoardSystem Unit Tests Position validation isValidBenchIndex should reject bench indices >= capacity","status":"passed","title":"should reject bench indices >= capacity","duration":0.1878999999998996,"failureMessages":[],"meta":{}},{"ancestorTitles":["BoardSystem Unit Tests","Position validation","isValidBenchIndex"],"fullName":"BoardSystem Unit Tests Position validation isValidBenchIndex should reject non-integer bench indices","status":"passed","title":"should reject non-integer bench indices","duration":0.09739999999965221,"failureMessages":[],"meta":{}},{"ancestorTitles":["BoardSystem Unit Tests","Board creation and queries","createEmptyBoard"],"fullName":"BoardSystem Unit Tests Board creation and queries createEmptyBoard should create 5x5 board","status":"passed","title":"should create 5x5 board","duration":3.5103000000003703,"failureMessages":[],"meta":{}},{"ancestorTitles":["BoardSystem Unit Tests","Board creation and queries","createEmptyBoard"],"fullName":"BoardSystem Unit Tests Board creation and queries createEmptyBoard should initialize all cells to null","status":"passed","title":"should initialize all cells to null","duration":0.6493000000000393,"failureMessages":[],"meta":{}},{"ancestorTitles":["BoardSystem Unit Tests","Board creation and queries","isPositionEmpty"],"fullName":"BoardSystem Unit Tests Board creation and queries isPositionEmpty should return true for empty positions","status":"passed","title":"should return true for empty positions","duration":0.4606000000003405,"failureMessages":[],"meta":{}},{"ancestorTitles":["BoardSystem Unit Tests","Board creation and queries","isPositionEmpty"],"fullName":"BoardSystem Unit Tests Board creation and queries isPositionEmpty should return false for occupied positions","status":"passed","title":"should return false for occupied positions","duration":0.3809999999998581,"failureMessages":[],"meta":{}},{"ancestorTitles":["BoardSystem Unit Tests","Board creation and queries","isPositionEmpty"],"fullName":"BoardSystem Unit Tests Board creation and queries isPositionEmpty should return false for invalid positions","status":"passed","title":"should return false for invalid positions","duration":0.2775000000001455,"failureMessages":[],"meta":{}},{"ancestorTitles":["BoardSystem Unit Tests","Board creation and queries","getUnitAt"],"fullName":"BoardSystem Unit Tests Board creation and queries getUnitAt should return unit at position","status":"passed","title":"should return unit at position","duration":0.22499999999990905,"failureMessages":[],"meta":{}},{"ancestorTitles":["BoardSystem Unit Tests","Board creation and queries","getUnitAt"],"fullName":"BoardSystem Unit Tests Board creation and queries getUnitAt should return null for empty position","status":"passed","title":"should return null for empty position","duration":0.19250000000010914,"failureMessages":[],"meta":{}},{"ancestorTitles":["BoardSystem Unit Tests","Board creation and queries","getUnitAt"],"fullName":"BoardSystem Unit Tests Board creation and queries getUnitAt should return null for invalid position","status":"passed","title":"should return null for invalid position","duration":0.2667999999998756,"failureMessages":[],"meta":{}},{"ancestorTitles":["BoardSystem Unit Tests","Board creation and queries","getDeployCount"],"fullName":"BoardSystem Unit Tests Board creation and queries getDeployCount should return 0 for empty board","status":"passed","title":"should return 0 for empty board","duration":0.30050000000028376,"failureMessages":[],"meta":{}},{"ancestorTitles":["BoardSystem Unit Tests","Board creation and queries","getDeployCount"],"fullName":"BoardSystem Unit Tests Board creation and queries getDeployCount should count single unit","status":"passed","title":"should count single unit","duration":0.1435999999998785,"failureMessages":[],"meta":{}},{"ancestorTitles":["BoardSystem Unit Tests","Board creation and queries","getDeployCount"],"fullName":"BoardSystem Unit Tests Board creation and queries getDeployCount should count multiple units","status":"passed","title":"should count multiple units","duration":0.12730000000010477,"failureMessages":[],"meta":{}},{"ancestorTitles":["BoardSystem Unit Tests","Board creation and queries","getDeployCount"],"fullName":"BoardSystem Unit Tests Board creation and queries getDeployCount should count all 25 positions when full","status":"passed","title":"should count all 25 positions when full","duration":0.22710000000006403,"failureMessages":[],"meta":{}},{"ancestorTitles":["BoardSystem Unit Tests","Board creation and queries","getDeployedUnits"],"fullName":"BoardSystem Unit Tests Board creation and queries getDeployedUnits should return empty array for empty board","status":"passed","title":"should return empty array for empty board","duration":0.3222000000000662,"failureMessages":[],"meta":{}},{
[...]
],"fullName":"Wiki Search Functionality Edge cases should handle special characters in search query","status":"passed","title":"should handle special characters in search query","duration":0.554700000000139,"failureMessages":[],"meta":{}},{"ancestorTitles":["Wiki Search Functionality","Edge cases"],"fullName":"Wiki Search Functionality Edge cases should handle very long search queries","status":"passed","title":"should handle very long search queries","duration":0.48309999999992215,"failureMessages":[],"meta":{}},{"ancestorTitles":["Wiki Search Functionality","Edge cases"],"fullName":"Wiki Search Functionality Edge cases should handle queries with only whitespace","status":"passed","title":"should handle queries with only whitespace","duration":5.492500000000291,"failureMessages":[],"meta":{}},{"ancestorTitles":["Wiki Search Functionality","Edge cases"],"fullName":"Wiki Search Functionality Edge cases should return empty array for non-matching queries","status":"passed","title":"should return empty array for non-matching queries","duration":0.5574000000001433,"failureMessages":[],"meta":{}},{"ancestorTitles":["Wiki Search Functionality","Edge cases"],"fullName":"Wiki Search Functionality Edge cases should handle units with missing or undefined fields","status":"passed","title":"should handle units with missing or undefined fields","duration":0.32169999999996435,"failureMessages":[],"meta":{}},{"ancestorTitles":["Wiki Search Functionality","Search interaction with UI"],"fullName":"Wiki Search Functionality Search interaction with UI should trigger refreshWikiList when search query is updated","status":"passed","title":"should trigger refreshWikiList when search query is updated","duration":0.7440999999998894,"failureMessages":[],"meta":{}},{"ancestorTitles":["Wiki Search Functionality","Search interaction with UI"],"fullName":"Wiki Search Functionality Search interaction with UI should display search query in search bar","status":"passed","title":"should display search query in search bar","duration":0.19580000000041764,"failureMessages":[],"meta":{}},{"ancestorTitles":["Wiki Search Functionality","Search interaction with UI"],"fullName":"Wiki Search Functionality Search interaction with UI should display placeholder when search query is empty","status":"passed","title":"should display placeholder when search query is empty","duration":0.17450000000008004,"failureMessages":[],"meta":{}}],"startTime":1771767460792,"endTime":1771767460827.1746,"status":"passed","message":"","name":"P:/DigiGO/games/game/tests/wikiSearch.test.js"},{"assertionResults":[{"ancestorTitles":["Property 7: Search Filter Matching"],"fullName":"Property 7: Search Filter Matching should match units by name (case-insensitive)","status":"passed","title":"should match units by name (case-insensitive)","duration":56.38850000000002,"failureMessages":[],"meta":{}},{"ancestorTitles":["Property 7: Search Filter Matching"],"fullName":"Property 7: Search Filter Matching should match units by tribe (case-insensitive)","status":"passed","title":"should match units by tribe (case-insensitive)","duration":22.752800000000207,"failureMessages":[],"meta":{}},{"ancestorTitles":["Property 7: Search Filter Matching"],"fullName":"Property 7: Search Filter Matching should match units by classType (case-insensitive)","status":"passed","title":"should match units by classType (case-insensitive)","duration":33.35059999999976,"failureMessages":[],"meta":{}},{"ancestorTitles":["Property 7: Search Filter Matching"],"fullName":"Property 7: Search Filter Matching should be case-insensitive for all search fields","status":"passed","title":"should be case-insensitive for all search fields","duration":77.97320000000036,"failureMessages":[],"meta":{}},{"ancestorTitles":["Property 7: Search Filter Matching"],"fullName":"Property 7: Search Filter Matching should return all units when search query is empty","status":"passed","title":"should return all units when search query is empty","duration":0.42870000000039,"failureMessages":[],"meta":{}},{"ancestorTitles":["Property 7: Search Filter Matching"],"fullName":"Property 7: Search Filter Matching should match units by icon/id","status":"passed","title":"should match units by icon/id","duration":36.05779999999959,"failureMessages":[],"meta":{}},{"ancestorTitles":["Property 7: Search Filter Matching"],"fullName":"Property 7: Search Filter Matching should return empty array for non-matching queries","status":"passed","title":"should return empty array for non-matching queries","duration":1.6367999999993117,"failureMessages":[],"meta":{}},{"ancestorTitles":["Property 7: Search Filter Matching"],"fullName":"Property 7: Search Filter Matching should match partial strings in any position","status":"passed","title":"should match partial strings in any position","duration":112.91100000000006,"failureMessages":[],"meta":{}},{"ancestorTitles":["Property 7: Search Filter Matching"],"fullName":"Property 7: Search Filter Matching should handle whitespace in queries","status":"passed","title":"should handle whitespace in queries","duration":14.210799999999836,"failureMessages":[],"meta":{}},{"ancestorTitles":["Property 7: Search Filter Matching"],"fullName":"Property 7: Search Filter Matching should match multiple units when query is generic","status":"passed","title":"should match multiple units when query is generic","duration":2.729000000000269,"failureMessages":[],"meta":{}}],"startTime":1771767414006,"endTime":1771767414369.729,"status":"passed","message":"","name":"P:/DigiGO/games/game/tests/wikiSearchFilter.test.js"},{"assertionResults":[{"ancestorTitles":["Wiki Stat Display (Requirements 5.1-5.5)","Stat Display Completeness (Requirement 5.1)"],"fullName":"Wiki Stat Display (Requirements 5.1-5.5) Stat Display Completeness (Requirement 5.1) should display HP stat","status":"passed","title":"should display HP stat","duration":4.728300000002491,"failureMessages":[],"meta":{}},{"ancestorTitles":["Wiki Stat Display (Requirements 5.1-5.5)","Stat Display Completeness (Requirement 5.1)"],"fullName":"Wiki Stat Display (Requirements 5.1-5.5) Stat Display Completeness (Requirement 5.1) should display ATK stat","status":"passed","title":"should display ATK stat","duration":0.9490999999979977,"failureMessages":[],"meta":{}},{"ancestorTitles":["Wiki Stat Display (Requirements 5.1-5.5)","Stat Display Completeness (Requirement 5.1)"],"fullName":"Wiki Stat Display (Requirements 5.1-5.5) Stat Display Completeness (Requirement 5.1) should display DEF stat","status":"passed","title":"should display DEF stat","duration":0.3761999999987893,"failureMessages":[],"meta":{}},{"ancestorTitles":["Wiki Stat Display (Requirements 5.1-5.5)","Stat Display Completeness (Requirement 5.1)"],"fullName":"Wiki Stat Display (Requirements 5.1-5.5) Stat Display Completeness (Requirement 5.1) should display MATK stat","status":"passed","title":"should display MATK stat","duration":1.0340999999971245,"failureMessages":[],"meta":{}},{"ancestorTitles":["Wiki Stat Display (Requirements 5.1-5.5)","Stat Display Completeness (Requirement 5.1)"],"fullName":"Wiki Stat Display (Requirements 5.1-5.5) Stat Display Completeness (Requirement 5.1) should display MDEF stat","status":"passed","title":"should display MDEF stat","duration":0.3302000000003318,"failureMessages":[],"meta":{}},{"ancestorTitles":["Wiki Stat Display (Requirements 5.1-5.5)","Stat Display Completeness (Requirement 5.1)"],"fullName":"Wiki Stat Display (Requirements 5.1-5.5) Stat Display Completeness (Requirement 5.1) should display Range stat","status":"passed","title":"should display Range stat","duration":0.20119999999951688,"failureMessages":[],"meta":{}},{"ancestorTitles":["Wiki Stat Display (Requirements 5.1-5.5)","Stat Display Completeness (Requirement 5.1)"],"fullName":"Wiki Stat Display (Requirements 5.1-5.5) Stat Display Completeness (Requirement 5.1) should display Evasion stat","status":"passed","title":"should display Evasion stat","duration":0.8748000000014144,"failureMessages":[],"meta":{}},{"ancestorTitles":["Wiki Stat Display (Requirements 5.1-5.5)","Base Statistics Calculation (Requirement 5.2)"],"fullName":"Wiki Stat Display (Requirements 5.1-5.5) Base Statistics Calculation (Requirement 5.2) should calculate all base statistics correctly","status":"passed","title":"should calculate all base statistics correctly","duration":0.6938000000009197,"failureMessages":[],"meta":{}},{"ancestorTitles":["Wiki Stat Display (Requirements 5.1-5.5)","Base Statistics Calculation (Requirement 5.2)"],"fullName":"Wiki Stat Display (Requirements 5.1-5.5) Base Statistics Calculation (Requirement 5.2) should calculate evasion based on class type","status":"passed","title":"should calculate evasion based on class type","duration":0.5132999999987078,"failureMessages":[],"meta":{}},{"ancestorTitles":["Wiki Stat Display (Requirements 5.1-5.5)","Base Statistics Calculation (Requirement 5.2)"],"fullName":"Wiki Stat Display (Requirements 5.1-5.5) Base Statistics Calculation (Requirement 5.2) should calculate range type label correctly","status":"passed","title":"should calculate range type label correctly","duration":1.081900000001042,"failureMessages":[],"meta":{}},{"ancestorTitles":["Wiki Stat Display (Requirements 5.1-5.5)","Readable Layout (Requirement 5.3)"],"fullName":"Wiki Stat Display (Requirements 5.1-5.5) Readable Layout (Requirement 5.3) should format stats in a readable multi-line layout","status":"passed","title":"should format stats in a readable multi-line layout","duration":1.253099999998085,"failureMessages":[],"meta":{}},{"ancestorTitles":["Wiki Stat Display (Requirements 5.1-5.5)","Readable Layout (Requirement 5.3)"],"fullName":"Wiki Stat Display (Requirements 5.1-5.5) Readable Layout (Requirement 5.3) should use consistent spacing and separators","status":"passed","title":"should use consistent spacing and separators","duration":0.3245000000024447,"failureMessages":[],"meta":{}},{"ancestorTitles":["Wiki Stat Display (Requirements 5.1-5.5)","Stat Labels and Values (Requirement 5.4)"],"fullName":"Wiki Stat Display (Requirements 5.1-5.5) Stat Labels and Values (Requirement 5.4) should include labels for all stats","status":"passed","title":"should include labels for all stats","duration":3.3510000000023865,"failureMessages":[],"meta":{}},{"ancestorTitles":["Wiki Stat Display (Requirements 5.1-5.5)","Stat Labels and Values (Requirement 5.4)"],"fullName":"Wiki Stat Display (Requirements 5.1-5.5) Stat Labels and Values (Requirement 5.4) should display actual stat values","status":"passed","title":"should display actual stat values","duration":1.4562999999980093,"failureMessages":[],"meta":{}},{"ancestorTitles":["Wiki Stat Display (Requirements 5.1-5.5)","Stat Labels and Values (Requirement 5.4)"],"fullName":"Wiki Stat Display (Requirements 5.1-5.5) Stat Labels and Values (Requirement 5.4) should handle missing stats gracefully with placeholder","status":"passed","title":"should handle missing stats gracefully with placeholder","duration":0.20569999999861466,"failureMessages":[],"meta":{}},{"ancestorTitles":["Wiki Stat Display (Requirements 5.1-5.5)","Element and Role Information (Requirement 5.5)"],"fullName":"Wiki Stat Display (Requirements 5.1-5.5) Element and Role Information (Requirement 5.5) should display element (tribe) information","status":"passed","title":"should display element (tribe) information","duration":0.17009999999936554,"failureMessages":[],"meta":{}},{"ancestorTitles":["Wiki Stat Display (Requirements 5.1-5.5)","Element and Role Information (Requirement 5.5)"],"fullName":"Wiki Stat Display (Requirements 5.1-5.5) Element and Role Information (Requirement 5.5) should display role (class) information","status":"passed","title":"should display role (class) information","duration":0.20650000000023283,"failureMessages":[],"meta":{}},{"ancestorTitles":["Wiki Stat Display (Requirements 5.1-5.5)","Element and Role Information (Requirement 5.5)"],"fullName":"Wiki Stat Display (Requirements 5.1-5.5) Element and Role Information (Requirement 5.5) should display element and role in the first line of stats","status":"passed","title":"should display element and role in the first line of stats","duration":0.21190000000206055,"failureMessages":[],"meta":{}},{"ancestorTitles":["Wiki Stat Display (Requirements 5.1-5.5)","Element and Role Information (Requirement 5.5)"],"fullName":"Wiki Stat Display (Requirements 5.1-5.5) Element and Role Information (Requirement 5.5) should display element and role for all unit types","status":"passed","title":"should display element and role for all unit types","duration":1.4242000000012922,"failureMessages":[],"meta":{}},{"ancestorTitles":["Wiki Stat Display (Requirements 5.1-5.5)","Integration with Unit Detail View"],"fullName":"Wiki Stat Display (Requirements 5.1-5.5) Integration with Unit Detail View should display all stats when unit detail is shown","status":"passed","title":"should display all stats when unit detail is shown","duration":0.49989999999888823,"failureMessages":[],"meta":{}},{"ancestorTitles":["Wiki Stat Display (Requirements 5.1-5.5)","Integration with Unit Detail View"],"fullName":"Wiki Stat Display (Requirements 5.1-5.5) Integration with Unit Detail View should handle units with all stat types","status":"passed","title":"should handle units with all stat types","duration":0.7229000000006636,"failureMessages":[],"meta":{}},{"ancestorTitles":["Wiki Stat Display (Requirements 5.1-5.5)","Evasion Display Format"],"fullName":"Wiki Stat Display (Requirements 5.1-5.5) Evasion Display Format should display evasion as percentage","status":"passed","title":"should display evasion as percentage","duration":0.2731000000021595,"failureMessages":[],"meta":{}},{"ancestorTitles":["Wiki Stat Display (Requirements 5.1-5.5)","Evasion Display Format"],"fullName":"Wiki Stat Display (Requirements 5.1-5.5) Evasion Display Format should round evasion percentage to nearest integer","status":"passed","title":"should round evasion percentage to nearest integer","duration":0.24220000000059372,"failureMessages":[],"meta":{}}],"startTime":1771767520172,"endTime":1771767520195.2732,"status":"passed","message":"","name":"P:/DigiGO/games/game/tests/wikiStatDisplay.test.js"},{"assertionResults":[{"ancestorTitles":["Property 8: Wiki Stat Display Completeness"],"fullName":"Property 8: Wiki Stat Display Completeness should have all required stats for any unit in the catalog","status":"passed","title":"should have all required stats for any unit in the catalog","duration":8.662400000001071,"failureMessages":[],"meta":{}},{"ancestorTitles":["Property 8: Wiki Stat Display Completeness"],"fullName":"Property 8: Wiki Stat Display Completeness should have HP stat present and positive for any unit","status":"passed","title":"should have HP stat present and positive for any unit","duration":1.3823000000011234,"failureMessages":[],"meta":{}},{"ancestorTitles":["Property 8: Wiki Stat Display Completeness"],"fullName":"Property 8: Wiki Stat Display Completeness should have ATK stat present and positive for any unit","status":"passed","title":"should have ATK stat present and positive for any unit","duration":0.9059000000015658,"failureMessages":[],"meta":{}},{"ancestorTitles":["Property 8: Wiki Stat Display Completeness"],"fullName":"Property 8: Wiki Stat Display Completeness should have DEF stat present and non-negative for any unit","status":"passed","title":"should have DEF stat present and non-negative for any unit","duration":1.1166999999986729,"failureMessages":[],"meta":{}},{"ancestorTitles":["Property 8: Wiki Stat Display Completeness"],"fullName":"Property 8: Wiki Stat Display Completeness should have MATK stat present and non-negative for any unit","status":"passed","title":"should have MATK stat present and non-negative for any unit","duration":0.6405000000013388,"failureMessages":[],"meta":{}},{"ancestorTitles":["Property 8: Wiki Stat Display Completeness"],"fullName":"Property 8: Wiki Stat Display Completeness should have MDEF stat present and non-negative for any unit","status":"passed","title":"should have MDEF stat present and non-negative for any unit","duration":0.5385999999998603,"failureMessages":[],"meta":{}},{"ancestorTitles":["Property 8: Wiki Stat Display Completeness"],"fullName":"Property 8: Wiki Stat Display Completeness should have Range stat present and positive for any unit","status":"passed","title":"should have Range stat present and positive for any unit","duration":0.5951000000004569,"failureMessages":[],"meta":{}},{"ancestorTitles":["Property 8: Wiki Stat Display Completeness"],"fullName":"Property 8: Wiki Stat Display Completeness should have calculable Evasion for any unit","status":"passed","title":"should have calculable Evasion for any unit","duration":0.7123999999985244,"failureMessages":[],"meta":{}},{"ancestorTitles":["Property 8: Wiki Stat Display Completeness"],"fullName":"Property 8: Wiki Stat Display Completeness should have element (tribe) information for any unit","status":"passed","title":"should have element (tribe) information for any unit","duration":1.2752000000000407,"failureMessages":[],"meta":{}},{"ancestorTitles":["Property 8: Wiki Stat Display Completeness"],"fullName":"Property 8: Wiki Stat Display Completeness should have role (classType) information for any unit","status":"passed","title":"should have role (classType) information for any unit","duration":0.8827999999994063,"failureMessages":[],"meta":{}},{"ancestorTitles":["Property 8: Wiki Stat Display Completeness"],"fullName":"Property 8: Wiki Stat Display Completeness should have all numeric stats within reasonable bounds for any unit","status":"passed","title":"should have all numeric stats within reasonable bounds for any unit","duration":0.8755999999993946,"failureMessages":[],"meta":{}},{"ancestorTitles":["Property 8: Wiki Stat Display Completeness"],"fullName":"Property 8: Wiki Stat Display Completeness should have evasion within valid percentage range for any unit","status":"passed","title":"should have evasion within valid percentage range for any unit","duration":1.5857000000014523,"failureMessages":[],"meta":{}},{"ancestorTitles":["Property 8: Wiki Stat Display Completeness"],"fullName":"Property 8: Wiki Stat Display Completeness should be able to format stat display for any unit without errors","status":"passed","title":"should be able to format stat display for any unit without errors","duration":2.729400000000169,"failureMessages":[],"meta":{}},{"ancestorTitles":["Property 8: Wiki Stat Display Completeness"],"fullName":"Property 8: Wiki Stat Display Completeness should correctly determine range type label for any unit","status":"passed","title":"should correctly determine range type label for any unit","duration":34.85139999999956,"failureMessages":[],"meta":{}},{"ancestorTitles":["Property 8: Wiki Stat Display Completeness"],"fullName":"Property 8: Wiki Stat Display Completeness should include all required stat labels in display for any unit","status":"passed","title":"should include all required stat labels in display for any unit","duration":1.0975999999991473,"failureMessages":[],"meta":{}},{"ancestorTitles":["Property 8: Wiki Stat Display Completeness"],"fullName":"Property 8: Wiki Stat Display Completeness should have complete stats for a sample of units from the catalog","status":"passed","title":"should have complete stats for a sample of units from the catalog","duration":4.249099999999089,"failureMessages":[],"meta":{}},{"ancestorTitles":["Property 8: Wiki Stat Display Completeness"],"fullName":"Property 8: Wiki Stat Display Completeness should report any units with incomplete stats","status":"passed","title":"should report any units with incomplete stats","duration":1.2903999999998632,"failureMessages":[],"meta":{}}],"startTime":1771767471602,"endTime":1771767471665.2903,"status":"passed","message":"","name":"P:/DigiGO/games/game/tests/wikiStatDisplayProperties.test.js"}]}
